<?xml version="1.0" encoding="UTF-8"?>
<!-- Generated by org.testng.reporters.JUnitReportReporter -->
<testsuite hostname="DEVAS" failures="0" tests="3" name="testcases.LoginTestAdv" time="0.589" errors="0" timestamp="2022-08-22T10:02:34 IST" skipped="0">
  <testcase classname="testcases.LoginTestAdv" name="validatelogin" time="0.361"/>
  <system-out/>
  <testcase classname="testcases.LoginTestAdv" name="validatepin" time="0.203"/>
  <system-out/>
  <testcase classname="testcases.LoginTestAdv" name="validatetitle" time="0.025"/>
  <system-out/>
</testsuite> <!-- testcases.LoginTestAdv -->
